[2025-11-29 13:09:48] Error en PagoController::registrar: Error de base de datos: SQLSTATE[42S22]: Column not found: 1054 Unknown column 'id_padre' in 'field list'
#0 C:\xampp\htdocs\educa-finanzas\models\PagoModel.php(149): Core\Modelo->insertar(Array)
#1 C:\xampp\htdocs\educa-finanzas\controllers\PagoController.php(161): Models\PagoModel->crear(Array)
#2 [internal function]: Controllers\PagoController->registrar(NULL)
#3 C:\xampp\htdocs\educa-finanzas\core\Router.php(44): call_user_func_array(Array, Array)
#4 C:\xampp\htdocs\educa-finanzas\public\index.php(15): Core\Router->run()
#5 {main}
POST: Array
(
    [id_estudiante] => 1
    [pagador_tipo] => padre
    [id_padre] => 12
    [pagador_nombre] => 
    [pagador_dni] => 
    [concepto] => pago
    [banco] => BCP
    [monto] => 120
    [metodo_pago] => transferencia
    [fecha_pago] => 2025-11-29
    [descuento] => 0
    [aumento] => 0
    [observaciones] => 
)

FILES: Array
(
    [foto_baucher] => Array
        (
            [name] => 
            [full_path] => 
            [type] => 
            [tmp_name] => 
            [error] => 4
            [size] => 0
        )

)

--------------------------------------------------------------------------------
[2025-11-29 13:09:48] Error en PagoController::registrar: No se pudo obtener el ID del pago insertado
#0 C:\xampp\htdocs\educa-finanzas\controllers\PagoController.php(161): Models\PagoModel->crear(Array)
#1 [internal function]: Controllers\PagoController->registrar(NULL)
#2 C:\xampp\htdocs\educa-finanzas\core\Router.php(44): call_user_func_array(Array, Array)
#3 C:\xampp\htdocs\educa-finanzas\public\index.php(15): Core\Router->run()
#4 {main}
POST: Array
(
    [id_estudiante] => 1
    [pagador_tipo] => padre
    [id_padre] => 12
    [pagador_nombre] => 
    [pagador_dni] => 
    [concepto] => pago
    [banco] => BCP
    [monto] => 120
    [metodo_pago] => transferencia
    [fecha_pago] => 2025-11-29
    [descuento] => 0
    [aumento] => 0
    [observaciones] => 
)

FILES: Array
(
    [foto_baucher] => Array
        (
            [name] => 
            [full_path] => 
            [type] => 
            [tmp_name] => 
            [error] => 4
            [size] => 0
        )

)

--------------------------------------------------------------------------------
[2025-11-29 13:18:33] Error en PagoController::registrar: No se pudo obtener el ID del pago insertado
#0 C:\xampp\htdocs\educa-finanzas\controllers\PagoController.php(161): Models\PagoModel->crear(Array)
#1 [internal function]: Controllers\PagoController->registrar(NULL)
#2 C:\xampp\htdocs\educa-finanzas\core\Router.php(51): call_user_func_array(Array, Array)
#3 C:\xampp\htdocs\educa-finanzas\public\index.php(15): Core\Router->run()
#4 {main}
POST: Array
(
    [id_estudiante] => 1
    [pagador_tipo] => padre
    [id_padre] => 1
    [pagador_nombre] => 
    [pagador_dni] => 
    [concepto] => pago
    [banco] => BCP
    [monto] => 200
    [metodo_pago] => efectivo
    [fecha_pago] => 2025-11-29
    [descuento] => 0
    [aumento] => 0
    [observaciones] => 
)

FILES: Array
(
    [foto_baucher] => Array
        (
            [name] => 
            [full_path] => 
            [type] => 
            [tmp_name] => 
            [error] => 4
            [size] => 0
        )

)

--------------------------------------------------------------------------------
[2025-11-29 13:23:15] Error en PagoController::registrar: No se pudo obtener el ID del pago insertado
#0 C:\xampp\htdocs\educa-finanzas\controllers\PagoController.php(161): Models\PagoModel->crear(Array)
#1 [internal function]: Controllers\PagoController->registrar(NULL)
#2 C:\xampp\htdocs\educa-finanzas\core\Router.php(51): call_user_func_array(Array, Array)
#3 C:\xampp\htdocs\educa-finanzas\public\index.php(15): Core\Router->run()
#4 {main}
POST: Array
(
    [id_estudiante] => 1
    [pagador_tipo] => padre
    [id_padre] => 1
    [pagador_nombre] => 
    [pagador_dni] => 
    [concepto] => pago
    [banco] => Scotiabank
    [monto] => 200
    [metodo_pago] => efectivo
    [fecha_pago] => 2025-11-29
    [descuento] => 0
    [aumento] => 0
    [observaciones] => 
)

FILES: Array
(
    [foto_baucher] => Array
        (
            [name] => 
            [full_path] => 
            [type] => 
            [tmp_name] => 
            [error] => 4
            [size] => 0
        )

)

--------------------------------------------------------------------------------
